<?xml version="1.0" encoding="UTF-8" ?>
<testsuite tests="2" failures="0" name="test.ThreadTest" time="24.075" errors="1" skipped="0">
  <properties>
[...]
</properties>
  <testcase classname="test.ThreadTest" name="testThreadMXBean" time="4.809"/>
  <testcase classname="test.ThreadTest" name="testThread" time="19.266">
    <error message="Java heap space" type="java.lang.OutOfMemoryError">java.lang.OutOfMemoryError: Java heap space
</error>
    <system-out>2=====================================
26 pool-2-thread-3
25 pool-2-thread-2
24 pool-2-thread-1
23 ForkJoinPool.commonPool-worker-7
22 ForkJoinPool.commonPool-worker-6
21 ForkJoinPool.commonPool-worker-5
20 ForkJoinPool.commonPool-worker-4
19 ForkJoinPool.commonPool-worker-3
18 ForkJoinPool.commonPool-worker-2
17 ForkJoinPool.commonPool-worker-1
16 pool-1-thread-8
15 pool-1-thread-7
14 pool-1-thread-6
13 pool-1-thread-5
12 pool-1-thread-4
11 pool-1-thread-3
10 pool-1-thread-2
9 pool-1-thread-1
5 Attach Listener
4 Signal Dispatcher
3 Finalizer
2 Reference Handler
1 main
26 pool-2-thread-3
25 pool-2-thread-2
24 pool-2-thread-1
23 ForkJoinPool.commonPool-worker-7
22 ForkJoinPool.commonPool-worker-6
21 ForkJoinPool.commonPool-worker-5
20 ForkJoinPool.commonPool-worker-4
19 ForkJoinPool.commonPool-worker-3
18 ForkJoinPool.commonPool-worker-2
17 ForkJoinPool.commonPool-worker-1
16 pool-1-thread-8
15 pool-1-thread-7
14 pool-1-thread-6
13 pool-1-thread-5
12 pool-1-thread-4
11 pool-1-thread-3
10 pool-1-thread-2
9 pool-1-thread-1
5 Attach Listener
4 Signal Dispatcher
3 Finalizer
2 Reference Handler
1 main
5=====================================
11=====================================
26 pool-2-thread-3
25 pool-2-thread-2
24 pool-2-thread-1
23 ForkJoinPool.commonPool-worker-7
22 ForkJoinPool.commonPool-worker-6
21 ForkJoinPool.commonPool-worker-5
20 ForkJoinPool.commonPool-worker-4
19 ForkJoinPool.commonPool-worker-3
18 ForkJoinPool.commonPool-worker-2
17 ForkJoinPool.commonPool-worker-1
16 pool-1-thread-8
15 pool-1-thread-7
14 pool-1-thread-6
13 pool-1-thread-5
12 pool-1-thread-4
11 pool-1-thread-3
10 pool-1-thread-2
9 pool-1-thread-1
5 Attach Listener
4 Signal Dispatcher
3 Finalizer
2 Reference Handler
1 main
17=====================================
26 pool-2-thread-3
25 pool-2-thread-2
24 pool-2-thread-1
23 ForkJoinPool.commonPool-worker-7
22 ForkJoinPool.commonPool-worker-6
21 ForkJoinPool.commonPool-worker-5
20 ForkJoinPool.commonPool-worker-4
19 ForkJoinPool.commonPool-worker-3
18 ForkJoinPool.commonPool-worker-2
17 ForkJoinPool.commonPool-worker-1
16 pool-1-thread-8
15 pool-1-thread-7
14 pool-1-thread-6
13 pool-1-thread-5
12 pool-1-thread-4
11 pool-1-thread-3
10 pool-1-thread-2
9 pool-1-thread-1
5 Attach Listener
4 Signal Dispatcher
3 Finalizer
2 Reference Handler
1 main
31=====================================
</system-out>
  </testcase>
</testsuite>